;  LST file generated by mikroListExporter - v.2.0 
; Date/Time: 05/03/2021 08:21:02
;----------------------------------------------

;Address Opcode 	ASM
0x0000	0x28BB      	GOTO       187
_____DoICP:
;__Lib_System.c,6 :: 		
;__Lib_System.c,9 :: 		
0x0003	0x1283      	BCF        STATUS, 5
0x0004	0x1303      	BCF        STATUS, 6
0x0005	0x0832      	MOVF       ___DoICPAddr+1, 0
0x0006	0x008A      	MOVWF      PCLATH
;__Lib_System.c,10 :: 		
0x0007	0x0831      	MOVF       ___DoICPAddr, 0
0x0008	0x0082      	MOVWF      PCL
;__Lib_System.c,12 :: 		
L_end_____DoICP:
0x0009	0x0008      	RETURN
; end of _____DoICP
_UART1_Write:
;__Lib_UART_b21.c,37 :: 		
;__Lib_UART_b21.c,38 :: 		
L_UART1_Write3:
0x000A	0x1683      	BSF        STATUS, 5
0x000B	0x1303      	BCF        STATUS, 6
0x000C	0x1898      	BTFSC      TXSTA, 1
0x000D	0x2810      	GOTO       L_UART1_Write4
;__Lib_UART_b21.c,39 :: 		
0x000E	0x0000      	NOP
0x000F	0x280A      	GOTO       L_UART1_Write3
L_UART1_Write4:
;__Lib_UART_b21.c,40 :: 		
0x0010	0x1283      	BCF        STATUS, 5
0x0011	0x0843      	MOVF       FARG_UART1_Write_data_, 0
0x0012	0x0099      	MOVWF      TXREG
;__Lib_UART_b21.c,41 :: 		
L_end_UART1_Write:
0x0013	0x0008      	RETURN
; end of _UART1_Write
_UART1_Read:
;__Lib_UART_b21.c,20 :: 		
;__Lib_UART_b21.c,23 :: 		
0x0014	0x1283      	BCF        STATUS, 5
0x0015	0x1303      	BCF        STATUS, 6
0x0016	0x081A      	MOVF       RCREG, 0
0x0017	0x00F1      	MOVWF      R1
;__Lib_UART_b21.c,24 :: 		
0x0018	0x1C98      	BTFSS      RCSTA, 1
0x0019	0x281C      	GOTO       L_UART1_Read2
;__Lib_UART_b21.c,25 :: 		
0x001A	0x1218      	BCF        RCSTA, 4
;__Lib_UART_b21.c,26 :: 		
0x001B	0x1618      	BSF        RCSTA, 4
;__Lib_UART_b21.c,27 :: 		
L_UART1_Read2:
;__Lib_UART_b21.c,28 :: 		
0x001C	0x0871      	MOVF       R1, 0
0x001D	0x00F0      	MOVWF      R0
;__Lib_UART_b21.c,29 :: 		
L_end_UART1_Read:
0x001E	0x0008      	RETURN
; end of _UART1_Read
_UART1_Data_Ready:
;__Lib_UART_b21.c,15 :: 		
;__Lib_UART_b21.c,16 :: 		
0x001F	0x3000      	MOVLW      0
0x0020	0x1283      	BCF        STATUS, 5
0x0021	0x1303      	BCF        STATUS, 6
0x0022	0x1A8C      	BTFSC      PIR1, 5
0x0023	0x3001      	MOVLW      1
0x0024	0x00F0      	MOVWF      R0
;__Lib_UART_b21.c,17 :: 		
L_end_UART1_Data_Ready:
0x0025	0x0008      	RETURN
; end of _UART1_Data_Ready
_UART1_Read_Text:
;__Lib_UART_b21.c,56 :: 		
;__Lib_UART_b21.c,57 :: 		
0x0026	0x1283      	BCF        STATUS, 5
0x0027	0x1303      	BCF        STATUS, 6
0x0028	0x01C1      	CLRF       UART1_Read_Text_out_idx_L0
0x0029	0x01C2      	CLRF       UART1_Read_Text_delim_idx_L0
;__Lib_UART_b21.c,59 :: 		
L_UART1_Read_Text7:
0x002A	0x083F      	MOVF       FARG_UART1_Read_Text_Attempts, 0
0x002B	0x1903      	BTFSC      STATUS, 2
0x002C	0x2865      	GOTO       L_UART1_Read_Text8
;__Lib_UART_b21.c,61 :: 		
0x002D	0x083F      	MOVF       FARG_UART1_Read_Text_Attempts, 0
0x002E	0x3AFF      	XORLW      255
0x002F	0x1903      	BTFSC      STATUS, 2
0x0030	0x2832      	GOTO       L_UART1_Read_Text9
;__Lib_UART_b21.c,62 :: 		
0x0031	0x03BF      	DECF       FARG_UART1_Read_Text_Attempts, 1
L_UART1_Read_Text9:
;__Lib_UART_b21.c,64 :: 		
L_UART1_Read_Text10:
0x0032	0x201F      	CALL       _UART1_Data_Ready
0x0033	0x0870      	MOVF       R0, 0
0x0034	0x3A00      	XORLW      0
0x0035	0x1D03      	BTFSS      STATUS, 2
0x0036	0x2838      	GOTO       L_UART1_Read_Text11
;__Lib_UART_b21.c,65 :: 		
0x0037	0x2832      	GOTO       L_UART1_Read_Text10
L_UART1_Read_Text11:
;__Lib_UART_b21.c,67 :: 		
0x0038	0x2014      	CALL       _UART1_Read
0x0039	0x0870      	MOVF       R0, 0
0x003A	0x00C0      	MOVWF      UART1_Read_Text_r_data_L0
;__Lib_UART_b21.c,68 :: 		
0x003B	0x0841      	MOVF       UART1_Read_Text_out_idx_L0, 0
0x003C	0x073D      	ADDWF      FARG_UART1_Read_Text_Output, 0
0x003D	0x0084      	MOVWF      FSR
0x003E	0x0870      	MOVF       R0, 0
0x003F	0x0080      	MOVWF      INDF
0x0040	0x0AC1      	INCF       UART1_Read_Text_out_idx_L0, 1
;__Lib_UART_b21.c,69 :: 		
0x0041	0x0842      	MOVF       UART1_Read_Text_delim_idx_L0, 0
0x0042	0x073E      	ADDWF      FARG_UART1_Read_Text_Delimiter, 0
0x0043	0x0084      	MOVWF      FSR
0x0044	0x0800      	MOVF       INDF, 0
0x0045	0x0640      	XORWF      UART1_Read_Text_r_data_L0, 0
0x0046	0x1D03      	BTFSS      STATUS, 2
0x0047	0x284A      	GOTO       L_UART1_Read_Text12
;__Lib_UART_b21.c,70 :: 		
0x0048	0x0AC2      	INCF       UART1_Read_Text_delim_idx_L0, 1
;__Lib_UART_b21.c,71 :: 		
0x0049	0x2852      	GOTO       L_UART1_Read_Text13
L_UART1_Read_Text12:
;__Lib_UART_b21.c,73 :: 		
0x004A	0x01C2      	CLRF       UART1_Read_Text_delim_idx_L0
;__Lib_UART_b21.c,74 :: 		
0x004B	0x083E      	MOVF       FARG_UART1_Read_Text_Delimiter, 0
0x004C	0x0084      	MOVWF      FSR
0x004D	0x0800      	MOVF       INDF, 0
0x004E	0x0640      	XORWF      UART1_Read_Text_r_data_L0, 0
0x004F	0x1D03      	BTFSS      STATUS, 2
0x0050	0x2852      	GOTO       L_UART1_Read_Text14
;__Lib_UART_b21.c,75 :: 		
0x0051	0x0AC2      	INCF       UART1_Read_Text_delim_idx_L0, 1
;__Lib_UART_b21.c,76 :: 		
L_UART1_Read_Text14:
;__Lib_UART_b21.c,77 :: 		
L_UART1_Read_Text13:
;__Lib_UART_b21.c,79 :: 		
0x0052	0x0842      	MOVF       UART1_Read_Text_delim_idx_L0, 0
0x0053	0x073E      	ADDWF      FARG_UART1_Read_Text_Delimiter, 0
0x0054	0x0084      	MOVWF      FSR
0x0055	0x0800      	MOVF       INDF, 0
0x0056	0x3A00      	XORLW      0
0x0057	0x1D03      	BTFSS      STATUS, 2
0x0058	0x2864      	GOTO       L_UART1_Read_Text15
;__Lib_UART_b21.c,80 :: 		
0x0059	0x0842      	MOVF       UART1_Read_Text_delim_idx_L0, 0
0x005A	0x0241      	SUBWF      UART1_Read_Text_out_idx_L0, 0
0x005B	0x00F0      	MOVWF      R0
0x005C	0x01F1      	CLRF       R0+1
0x005D	0x1C03      	BTFSS      STATUS, 0
0x005E	0x03F1      	DECF       R0+1, 1
0x005F	0x0870      	MOVF       R0, 0
0x0060	0x073D      	ADDWF      FARG_UART1_Read_Text_Output, 0
0x0061	0x0084      	MOVWF      FSR
0x0062	0x0180      	CLRF       INDF
;__Lib_UART_b21.c,81 :: 		
0x0063	0x2868      	GOTO       L_end_UART1_Read_Text
;__Lib_UART_b21.c,82 :: 		
L_UART1_Read_Text15:
;__Lib_UART_b21.c,84 :: 		
0x0064	0x282A      	GOTO       L_UART1_Read_Text7
L_UART1_Read_Text8:
;__Lib_UART_b21.c,85 :: 		
0x0065	0x083D      	MOVF       FARG_UART1_Read_Text_Output, 0
0x0066	0x0084      	MOVWF      FSR
0x0067	0x0180      	CLRF       INDF
;__Lib_UART_b21.c,86 :: 		
L_end_UART1_Read_Text:
0x0068	0x0008      	RETURN
; end of _UART1_Read_Text
_UART1_Write_Text:
;__Lib_UART_b21.c,44 :: 		
;__Lib_UART_b21.c,45 :: 		
0x0069	0x1283      	BCF        STATUS, 5
0x006A	0x1303      	BCF        STATUS, 6
0x006B	0x01BF      	CLRF       UART1_Write_Text_counter_L0
;__Lib_UART_b21.c,47 :: 		
0x006C	0x083D      	MOVF       FARG_UART1_Write_Text_uart_text, 0
0x006D	0x0084      	MOVWF      FSR
0x006E	0x0800      	MOVF       INDF, 0
0x006F	0x00BE      	MOVWF      UART1_Write_Text_data__L0
;__Lib_UART_b21.c,48 :: 		
L_UART1_Write_Text5:
0x0070	0x083E      	MOVF       UART1_Write_Text_data__L0, 0
0x0071	0x3A00      	XORLW      0
0x0072	0x1903      	BTFSC      STATUS, 2
0x0073	0x287E      	GOTO       L_UART1_Write_Text6
;__Lib_UART_b21.c,49 :: 		
0x0074	0x083E      	MOVF       UART1_Write_Text_data__L0, 0
0x0075	0x00C3      	MOVWF      FARG_UART1_Write_data_
0x0076	0x200A      	CALL       _UART1_Write
;__Lib_UART_b21.c,50 :: 		
0x0077	0x0ABF      	INCF       UART1_Write_Text_counter_L0, 1
;__Lib_UART_b21.c,51 :: 		
0x0078	0x083F      	MOVF       UART1_Write_Text_counter_L0, 0
0x0079	0x073D      	ADDWF      FARG_UART1_Write_Text_uart_text, 0
0x007A	0x0084      	MOVWF      FSR
0x007B	0x0800      	MOVF       INDF, 0
0x007C	0x00BE      	MOVWF      UART1_Write_Text_data__L0
;__Lib_UART_b21.c,52 :: 		
0x007D	0x2870      	GOTO       L_UART1_Write_Text5
L_UART1_Write_Text6:
;__Lib_UART_b21.c,53 :: 		
L_end_UART1_Write_Text:
0x007E	0x0008      	RETURN
; end of _UART1_Write_Text
___CC2DW:
;__Lib_System.c,134 :: 		
;__Lib_System.c,137 :: 		
_CC2D_Loop1:
;__Lib_System.c,139 :: 		
0x007F	0x2003      	CALL       _____DoICP
0x0080	0x118A      	BCF        PCLATH, 3
0x0081	0x120A      	BCF        PCLATH, 4
;__Lib_System.c,141 :: 		
0x0082	0x0080      	MOVWF      INDF
;__Lib_System.c,142 :: 		
0x0083	0x0A84      	INCF       FSR, 1
;__Lib_System.c,143 :: 		
0x0084	0x0AB1      	INCF       ___DoICPAddr, 1
;__Lib_System.c,145 :: 		
0x0085	0x1903      	BTFSC      STATUS, 2
;__Lib_System.c,146 :: 		
0x0086	0x0AB2      	INCF       ___DoICPAddr+1, 1
;__Lib_System.c,147 :: 		
0x0087	0x03F0      	DECF       R0, 1
;__Lib_System.c,149 :: 		
0x0088	0x1D03      	BTFSS      STATUS, 2
;__Lib_System.c,150 :: 		
0x0089	0x287F      	GOTO       _CC2D_Loop1
;__Lib_System.c,152 :: 		
L_end___CC2DW:
0x008A	0x0008      	RETURN
; end of ___CC2DW
_strcmp:
;__Lib_CString.c,115 :: 		
;__Lib_CString.c,117 :: 		
L_strcmp30:
0x008B	0x1283      	BCF        STATUS, 5
0x008C	0x1303      	BCF        STATUS, 6
0x008D	0x083D      	MOVF       FARG_strcmp_s1, 0
0x008E	0x0084      	MOVWF      FSR
0x008F	0x0800      	MOVF       INDF, 0
0x0090	0x1903      	BTFSC      STATUS, 2
0x0091	0x289F      	GOTO       L_strcmp31
0x0092	0x083D      	MOVF       FARG_strcmp_s1, 0
0x0093	0x0084      	MOVWF      FSR
0x0094	0x0800      	MOVF       INDF, 0
0x0095	0x00F1      	MOVWF      R1
0x0096	0x083E      	MOVF       FARG_strcmp_s2, 0
0x0097	0x0084      	MOVWF      FSR
0x0098	0x0871      	MOVF       R1, 0
0x0099	0x0600      	XORWF      INDF, 0
0x009A	0x1D03      	BTFSS      STATUS, 2
0x009B	0x289F      	GOTO       L_strcmp31
L__strcmp82:
;__Lib_CString.c,118 :: 		
0x009C	0x0ABD      	INCF       FARG_strcmp_s1, 1
0x009D	0x0ABE      	INCF       FARG_strcmp_s2, 1
0x009E	0x288B      	GOTO       L_strcmp30
L_strcmp31:
;__Lib_CString.c,120 :: 		
0x009F	0x083D      	MOVF       FARG_strcmp_s1, 0
0x00A0	0x0084      	MOVWF      FSR
0x00A1	0x0800      	MOVF       INDF, 0
0x00A2	0x00F0      	MOVWF      R0
0x00A3	0x083E      	MOVF       FARG_strcmp_s2, 0
0x00A4	0x0084      	MOVWF      FSR
0x00A5	0x0800      	MOVF       INDF, 0
0x00A6	0x02F0      	SUBWF      R0, 1
0x00A7	0x01F1      	CLRF       R0+1
0x00A8	0x1C03      	BTFSS      STATUS, 0
0x00A9	0x03F1      	DECF       R0+1, 1
;__Lib_CString.c,121 :: 		
L_end_strcmp:
0x00AA	0x0008      	RETURN
; end of _strcmp
_UART1_Init:
;__Lib_UART_b21.c,2 :: 		
;__Lib_UART_b21.c,5 :: 		
0x00AB	0x1683      	BSF        STATUS, 5
0x00AC	0x1303      	BCF        STATUS, 6
0x00AD	0x1698      	BSF        TXSTA, 5
;__Lib_UART_b21.c,6 :: 		
0x00AE	0x3090      	MOVLW      144
0x00AF	0x1283      	BCF        STATUS, 5
0x00B0	0x0098      	MOVWF      RCSTA
;__Lib_UART_b21.c,7 :: 		
0x00B1	0x1683      	BSF        STATUS, 5
0x00B2	0x1486      	BSF        TRISB1_bit, BitPos(TRISB1_bit+0)
;__Lib_UART_b21.c,8 :: 		
0x00B3	0x1106      	BCF        TRISB2_bit, BitPos(TRISB2_bit+0)
;__Lib_UART_b21.c,9 :: 		
L_UART1_Init0:
0x00B4	0x1283      	BCF        STATUS, 5
0x00B5	0x1E8C      	BTFSS      PIR1, 5
0x00B6	0x28BA      	GOTO       L_UART1_Init1
;__Lib_UART_b21.c,10 :: 		
0x00B7	0x081A      	MOVF       RCREG, 0
0x00B8	0x00F0      	MOVWF      R0
0x00B9	0x28B4      	GOTO       L_UART1_Init0
L_UART1_Init1:
;__Lib_UART_b21.c,11 :: 		
L_end_UART1_Init:
0x00BA	0x0008      	RETURN
; end of _UART1_Init
_main:
0x00BB	0x3043      	MOVLW      67
0x00BC	0x1283      	BCF        STATUS, 5
0x00BD	0x1303      	BCF        STATUS, 6
0x00BE	0x00A0      	MOVWF      ?lstr4_vaqueros3
0x00BF	0x01A1      	CLRF       33
0x00C0	0x3042      	MOVLW      66
0x00C1	0x00A2      	MOVWF      ?lstr3_vaqueros3
0x00C2	0x01A3      	CLRF       35
0x00C3	0x3044      	MOVLW      68
0x00C4	0x00A4      	MOVWF      ?lstr5_vaqueros3
0x00C5	0x01A5      	CLRF       37
0x00C6	0x3041      	MOVLW      65
0x00C7	0x00A6      	MOVWF      ?lstr2_vaqueros3
0x00C8	0x01A7      	CLRF       39
0x00C9	0x3030      	MOVLW      48
0x00CA	0x00A8      	MOVWF      _dato
0x00CB	0x3030      	MOVLW      48
0x00CC	0x00A9      	MOVWF      41
0x00CD	0x3030      	MOVLW      48
0x00CE	0x00AA      	MOVWF      42
0x00CF	0x3030      	MOVLW      48
0x00D0	0x00AB      	MOVWF      43
0x00D1	0x3030      	MOVLW      48
0x00D2	0x00AC      	MOVWF      44
0x00D3	0x3030      	MOVLW      48
0x00D4	0x00AD      	MOVWF      45
0x00D5	0x3030      	MOVLW      48
0x00D6	0x00AE      	MOVWF      46
0x00D7	0x305F      	MOVLW      95
0x00D8	0x00AF      	MOVWF      ?lstr1_vaqueros3
0x00D9	0x01B0      	CLRF       48
;vaqueros3.c,12 :: 		void main() {
;vaqueros3.c,14 :: 		TRISA = 0b11111100;
0x00DA	0x30FC      	MOVLW      252
0x00DB	0x1683      	BSF        STATUS, 5
0x00DC	0x0085      	MOVWF      TRISA
;vaqueros3.c,15 :: 		CMCON = 0b00000111; //Comparador desactivado
0x00DD	0x3007      	MOVLW      7
0x00DE	0x1283      	BCF        STATUS, 5
0x00DF	0x009F      	MOVWF      CMCON
;vaqueros3.c,17 :: 		TRISB2_BIT = 0; //Salida TX
0x00E0	0x1683      	BSF        STATUS, 5
0x00E1	0x1106      	BCF        TRISB2_bit, BitPos(TRISB2_bit+0)
;vaqueros3.c,18 :: 		TRISB1_BIT = 1; //Entrada RX
0x00E2	0x1486      	BSF        TRISB1_bit, BitPos(TRISB1_bit+0)
;vaqueros3.c,19 :: 		UART1_Init(9600);
0x00E3	0x3019      	MOVLW      25
0x00E4	0x0099      	MOVWF      SPBRG
0x00E5	0x1518      	BSF        TXSTA, 2
0x00E6	0x20AB      	CALL       _UART1_Init
;vaqueros3.c,20 :: 		Delay_ms(100);
0x00E7	0x3082      	MOVLW      130
0x00E8	0x00FC      	MOVWF      R12
0x00E9	0x30DD      	MOVLW      221
0x00EA	0x00FD      	MOVWF      R13
L_main0:
0x00EB	0x0BFD      	DECFSZ     R13, 1
0x00EC	0x28EB      	GOTO       L_main0
0x00ED	0x0BFC      	DECFSZ     R12, 1
0x00EE	0x28EB      	GOTO       L_main0
0x00EF	0x0000      	NOP
0x00F0	0x0000      	NOP
;vaqueros3.c,22 :: 		BOMBA1 = 0;
0x00F1	0x1005      	BCF        PORTA, 0
;vaqueros3.c,23 :: 		BOMBA2 = 0;
0x00F2	0x1085      	BCF        PORTA, 1
;vaqueros3.c,24 :: 		SENSOR1 = 1;
0x00F3	0x1505      	BSF        PORTA, 2
;vaqueros3.c,25 :: 		SENSOR3 = 1;
0x00F4	0x1585      	BSF        PORTA, 3
;vaqueros3.c,26 :: 		SENSOR4 = 1;
0x00F5	0x1605      	BSF        PORTA, 4
;vaqueros3.c,27 :: 		SENSOR5 = 1;
0x00F6	0x1705      	BSF        PORTA, 6
;vaqueros3.c,28 :: 		SENSOR6 = 1;
0x00F7	0x1785      	BSF        PORTA, 7
;vaqueros3.c,30 :: 		while(1)
L_main1:
;vaqueros3.c,36 :: 		if(BOMBA1){dato[0] = '1';}else{dato[0] = '0';}
0x00F8	0x1C05      	BTFSS      PORTA, 0
0x00F9	0x28FD      	GOTO       L_main3
0x00FA	0x3031      	MOVLW      49
0x00FB	0x00A8      	MOVWF      _dato
0x00FC	0x28FF      	GOTO       L_main4
L_main3:
0x00FD	0x3030      	MOVLW      48
0x00FE	0x00A8      	MOVWF      _dato
L_main4:
;vaqueros3.c,37 :: 		if(BOMBA2){dato[1] = '1';}else{dato[1] = '0';}
0x00FF	0x1C85      	BTFSS      PORTA, 1
0x0100	0x2904      	GOTO       L_main5
0x0101	0x3031      	MOVLW      49
0x0102	0x00A9      	MOVWF      _dato+1
0x0103	0x2906      	GOTO       L_main6
L_main5:
0x0104	0x3030      	MOVLW      48
0x0105	0x00A9      	MOVWF      _dato+1
L_main6:
;vaqueros3.c,38 :: 		if(SENSOR1){dato[2] = '1';}else{dato[2] = '0';}
0x0106	0x1D05      	BTFSS      PORTA, 2
0x0107	0x290B      	GOTO       L_main7
0x0108	0x3031      	MOVLW      49
0x0109	0x00AA      	MOVWF      _dato+2
0x010A	0x290D      	GOTO       L_main8
L_main7:
0x010B	0x3030      	MOVLW      48
0x010C	0x00AA      	MOVWF      _dato+2
L_main8:
;vaqueros3.c,39 :: 		if(SENSOR3){dato[3] = '1';}else{dato[3] = '0';}
0x010D	0x1D85      	BTFSS      PORTA, 3
0x010E	0x2912      	GOTO       L_main9
0x010F	0x3031      	MOVLW      49
0x0110	0x00AB      	MOVWF      _dato+3
0x0111	0x2914      	GOTO       L_main10
L_main9:
0x0112	0x3030      	MOVLW      48
0x0113	0x00AB      	MOVWF      _dato+3
L_main10:
;vaqueros3.c,40 :: 		if(SENSOR4){dato[4] = '1';}else{dato[4] = '0';}
0x0114	0x1E05      	BTFSS      PORTA, 4
0x0115	0x2919      	GOTO       L_main11
0x0116	0x3031      	MOVLW      49
0x0117	0x00AC      	MOVWF      _dato+4
0x0118	0x291B      	GOTO       L_main12
L_main11:
0x0119	0x3030      	MOVLW      48
0x011A	0x00AC      	MOVWF      _dato+4
L_main12:
;vaqueros3.c,41 :: 		if(SENSOR5){dato[5] = '1';}else{dato[5] = '0';}
0x011B	0x1F05      	BTFSS      PORTA, 6
0x011C	0x2920      	GOTO       L_main13
0x011D	0x3031      	MOVLW      49
0x011E	0x00AD      	MOVWF      _dato+5
0x011F	0x2922      	GOTO       L_main14
L_main13:
0x0120	0x3030      	MOVLW      48
0x0121	0x00AD      	MOVWF      _dato+5
L_main14:
;vaqueros3.c,42 :: 		if(SENSOR6){dato[6] = '1';}else{dato[6] = '0';}
0x0122	0x1F85      	BTFSS      PORTA, 7
0x0123	0x2927      	GOTO       L_main15
0x0124	0x3031      	MOVLW      49
0x0125	0x00AE      	MOVWF      _dato+6
0x0126	0x2929      	GOTO       L_main16
L_main15:
0x0127	0x3030      	MOVLW      48
0x0128	0x00AE      	MOVWF      _dato+6
L_main16:
;vaqueros3.c,64 :: 		if (UART1_Data_Ready()==1)
0x0129	0x201F      	CALL       _UART1_Data_Ready
0x012A	0x0870      	MOVF       R0, 0
0x012B	0x3A01      	XORLW      1
0x012C	0x1D03      	BTFSS      STATUS, 2
0x012D	0x296D      	GOTO       L_main17
;vaqueros3.c,66 :: 		UART1_Read_Text(orden,"_",10); //void UARTx_Read_Text(char *Output, char *Delimiter, char Attempts);
0x012E	0x3033      	MOVLW      _orden
0x012F	0x00BD      	MOVWF      FARG_UART1_Read_Text_Output
0x0130	0x302F      	MOVLW      ?lstr1_vaqueros3
0x0131	0x00BE      	MOVWF      FARG_UART1_Read_Text_Delimiter
0x0132	0x300A      	MOVLW      10
0x0133	0x00BF      	MOVWF      FARG_UART1_Read_Text_Attempts
0x0134	0x2026      	CALL       _UART1_Read_Text
;vaqueros3.c,69 :: 		if(strcmp(orden,"A") == 0){ //char strcmp(char *s1, char *s2);
0x0135	0x3033      	MOVLW      _orden
0x0136	0x00BD      	MOVWF      FARG_strcmp_s1
0x0137	0x3026      	MOVLW      ?lstr2_vaqueros3
0x0138	0x00BE      	MOVWF      FARG_strcmp_s2
0x0139	0x208B      	CALL       _strcmp
0x013A	0x3000      	MOVLW      0
0x013B	0x0671      	XORWF      R0+1, 0
0x013C	0x1D03      	BTFSS      STATUS, 2
0x013D	0x2940      	GOTO       L__main24
0x013E	0x3000      	MOVLW      0
0x013F	0x0670      	XORWF      R0, 0
L__main24:
0x0140	0x1D03      	BTFSS      STATUS, 2
0x0141	0x2943      	GOTO       L_main18
;vaqueros3.c,70 :: 		BOMBA1 = 1;
0x0142	0x1405      	BSF        PORTA, 0
;vaqueros3.c,71 :: 		}
L_main18:
;vaqueros3.c,72 :: 		if(strcmp(orden,"B") == 0){
0x0143	0x3033      	MOVLW      _orden
0x0144	0x00BD      	MOVWF      FARG_strcmp_s1
0x0145	0x3022      	MOVLW      ?lstr3_vaqueros3
0x0146	0x00BE      	MOVWF      FARG_strcmp_s2
0x0147	0x208B      	CALL       _strcmp
0x0148	0x3000      	MOVLW      0
0x0149	0x0671      	XORWF      R0+1, 0
0x014A	0x1D03      	BTFSS      STATUS, 2
0x014B	0x294E      	GOTO       L__main25
0x014C	0x3000      	MOVLW      0
0x014D	0x0670      	XORWF      R0, 0
L__main25:
0x014E	0x1D03      	BTFSS      STATUS, 2
0x014F	0x2951      	GOTO       L_main19
;vaqueros3.c,73 :: 		BOMBA1 = 0;
0x0150	0x1005      	BCF        PORTA, 0
;vaqueros3.c,74 :: 		}
L_main19:
;vaqueros3.c,76 :: 		if(strcmp(orden,"C") == 0){
0x0151	0x3033      	MOVLW      _orden
0x0152	0x00BD      	MOVWF      FARG_strcmp_s1
0x0153	0x3020      	MOVLW      ?lstr4_vaqueros3
0x0154	0x00BE      	MOVWF      FARG_strcmp_s2
0x0155	0x208B      	CALL       _strcmp
0x0156	0x3000      	MOVLW      0
0x0157	0x0671      	XORWF      R0+1, 0
0x0158	0x1D03      	BTFSS      STATUS, 2
0x0159	0x295C      	GOTO       L__main26
0x015A	0x3000      	MOVLW      0
0x015B	0x0670      	XORWF      R0, 0
L__main26:
0x015C	0x1D03      	BTFSS      STATUS, 2
0x015D	0x295F      	GOTO       L_main20
;vaqueros3.c,77 :: 		BOMBA2 = 1;
0x015E	0x1485      	BSF        PORTA, 1
;vaqueros3.c,78 :: 		}
L_main20:
;vaqueros3.c,79 :: 		if(strcmp(orden,"D") == 0){
0x015F	0x3033      	MOVLW      _orden
0x0160	0x00BD      	MOVWF      FARG_strcmp_s1
0x0161	0x3024      	MOVLW      ?lstr5_vaqueros3
0x0162	0x00BE      	MOVWF      FARG_strcmp_s2
0x0163	0x208B      	CALL       _strcmp
0x0164	0x3000      	MOVLW      0
0x0165	0x0671      	XORWF      R0+1, 0
0x0166	0x1D03      	BTFSS      STATUS, 2
0x0167	0x296A      	GOTO       L__main27
0x0168	0x3000      	MOVLW      0
0x0169	0x0670      	XORWF      R0, 0
L__main27:
0x016A	0x1D03      	BTFSS      STATUS, 2
0x016B	0x296D      	GOTO       L_main21
;vaqueros3.c,80 :: 		BOMBA2 = 0;
0x016C	0x1085      	BCF        PORTA, 1
;vaqueros3.c,81 :: 		}
L_main21:
;vaqueros3.c,82 :: 		}
L_main17:
;vaqueros3.c,83 :: 		Delay_ms(1000);
0x016D	0x3006      	MOVLW      6
0x016E	0x00FB      	MOVWF      R11
0x016F	0x3013      	MOVLW      19
0x0170	0x00FC      	MOVWF      R12
0x0171	0x30AD      	MOVLW      173
0x0172	0x00FD      	MOVWF      R13
L_main22:
0x0173	0x0BFD      	DECFSZ     R13, 1
0x0174	0x2973      	GOTO       L_main22
0x0175	0x0BFC      	DECFSZ     R12, 1
0x0176	0x2973      	GOTO       L_main22
0x0177	0x0BFB      	DECFSZ     R11, 1
0x0178	0x2973      	GOTO       L_main22
0x0179	0x0000      	NOP
0x017A	0x0000      	NOP
;vaqueros3.c,84 :: 		UART1_Write_Text(dato);
0x017B	0x3028      	MOVLW      _dato
0x017C	0x00BD      	MOVWF      FARG_UART1_Write_Text_uart_text
0x017D	0x2069      	CALL       _UART1_Write_Text
;vaqueros3.c,85 :: 		}
0x017E	0x28F8      	GOTO       L_main1
;vaqueros3.c,86 :: 		}
L_end_main:
0x017F	0x297F      	GOTO       $+0
; end of _main
Symbol List:
//** Routines locations **
//ADDRESS    SIZE    PROCEDURE
//----------------------------------------------
0x0003       [7]    _____DoICP
0x000A      [10]    _UART1_Write
0x0014      [11]    _UART1_Read
0x001F       [7]    _UART1_Data_Ready
0x0026      [67]    _UART1_Read_Text
0x0069      [22]    _UART1_Write_Text
0x007F      [12]    ___CC2DW
0x008B      [32]    _strcmp
0x00AB      [16]    _UART1_Init
0x00BB     [197]    _main
//** Variables locations ** 
//ADDRESS    SIZE    VARIABLE
//----------------------------------------------
0x0000       [1]    INDF
0x0002       [1]    PCL
0x0003       [1]    STATUS
0x0004       [1]    FSR
0x0005       [1]    PORTA
0x000A       [1]    PCLATH
0x000C       [1]    PIR1
0x0018       [1]    RCSTA
0x0019       [1]    TXREG
0x001A       [1]    RCREG
0x001F       [1]    CMCON
0x0020       [2]    ?lstr4_vaqueros3
0x0022       [2]    ?lstr3_vaqueros3
0x0024       [2]    ?lstr5_vaqueros3
0x0026       [2]    ?lstr2_vaqueros3
0x0028       [7]    _dato
0x002F       [2]    ?lstr1_vaqueros3
0x0031       [2]    ___DoICPAddr
0x0033      [10]    _orden
0x003D       [1]    FARG_UART1_Read_Text_Output
0x003D       [1]    FARG_strcmp_s1
0x003D       [1]    FARG_UART1_Write_Text_uart_text
0x003E       [1]    FARG_strcmp_s2
0x003E       [1]    FARG_UART1_Read_Text_Delimiter
0x003E       [1]    UART1_Write_Text_data__L0
0x003F       [1]    FARG_UART1_Read_Text_Attempts
0x003F       [1]    UART1_Write_Text_counter_L0
0x0040       [1]    UART1_Read_Text_r_data_L0
0x0041       [1]    UART1_Read_Text_out_idx_L0
0x0042       [1]    UART1_Read_Text_delim_idx_L0
0x0043       [1]    FARG_UART1_Write_data_
0x0070       [1]    R0
0x0071       [1]    R1
0x0072       [1]    R2
0x0073       [1]    R3
0x0074       [1]    R4
0x0075       [1]    R5
0x0076       [1]    R6
0x0077       [1]    R7
0x0078       [1]    R8
0x0079       [1]    R9
0x007A       [1]    R10
0x007B       [1]    R11
0x007C       [1]    R12
0x007D       [1]    R13
0x007E       [1]    R14
0x007F       [1]    R15
0x0085       [1]    TRISA
0x0086       [0]    TRISB1_bit
0x0086       [0]    TRISB2_bit
0x0098       [1]    TXSTA
0x0099       [1]    SPBRG
